Servicio Gestor listo.
Servicio Autenticacion listo.
Partida actualizada: anaTablero@182e962f vs pedroTablero@263cf613
Partida actualizada: anaTablero@334d7b24 vs pedroTablero@7ea8f1fd
Partida actualizada: anaTablero@40c45fc9 vs pedroTablero@57c7641c
Partida actualizada: anaTablero@2a06b79e vs pedroTablero@2f023064
Partida actualizada: anaTablero@16ef8818 vs pedroTablero@62c4d590
Partida actualizada: anaTablero@6ec07a31 vs pedroTablero@55b29b3f
Partida actualizada: anaTablero@5688a267 vs pedroTablero@10a81166
Partida actualizada: anaTablero@401ed939 vs pedroTablero@7b9fdd6b
Partida actualizada: anaTablero@2e0d7b2b vs pedroTablero@799e3c3d
Partida actualizada: anaTablero@3104ffc9 vs pedroTablero@5d471073
Partida actualizada: anaTablero@5b964b7f vs pedroTablero@146d015e
Partida actualizada: anaTablero@55ef7b69 vs pedroTablero@507ef55b
Partida actualizada: anaTablero@53194d1b vs pedroTablero@22e7439b
Ronda (datos inicio): ana  1 2 3 4 5 6 7 8 9 10 
A · · · O O O · · · · 
B · · · · · · · · · · 
C · O · · · · · · · · 
D · O · · · · · · · · 
E · O · · · · · · · · 
F · · · · · · · · · · 
G · · · · · · · · · · 
H · · · · · · · · · · 
I · · · · · · · · · · 
J · · · · · · · · · · 
 - pedro  1 2 3 4 5 6 7 8 9 10 
A · · · · · · · · · · 
B · · · · · · · · · · 
C · · · · · · · · · · 
D · · · O · · · · · · 
E · · · O · · · · · · 
F · · · O · · · · · · 
G · · · · · · · · · · 
H · O O O · · · · · · 
I · · · · · · · · · · 
J · · · · · · · · · · 

Partida actualizada: anaTablero@7e761a97 vs pedroTablero@143e2ba4
Coordenadas: D4
  1 2 3 4 5 6 7 8 9 10 
A · · · O O O · · · · 
B · · · · · · · · · · 
C · O · · · · · · · · 
D · O · · · · · · · · 
E · O · · · · · · · · 
F · · · · · · · · · · 
G · · · · · · · · · · 
H · · · · · · · · · · 
I · · · · · · · · · · 
J · · · · · · · · · · 

  1 2 3 4 5 6 7 8 9 10 
A · · · · · · · · · · 
B · · · · · · · · · · 
C · · · · · · · · · · 
D · · · X · · · · · · 
E · · · O · · · · · · 
F · · · O · · · · · · 
G · · · · · · · · · · 
H · O O O · · · · · · 
I · · · · · · · · · · 
J · · · · · · · · · · 

Resultado: Impacto!
Partida actualizada: anaTablero@15a5d3cf vs pedroTablero@5b54efd5
Coordenadas: F4
  1 2 3 4 5 6 7 8 9 10 
A · · · · · · · · · · 
B · · · · · · · · · · 
C · · · · · · · · · · 
D · · · X · · · · · · 
E · · · O · · · · · · 
F · · · O · · · · · · 
G · · · · · · · · · · 
H · O O O · · · · · · 
I · · · · · · · · · · 
J · · · · · · · · · · 

  1 2 3 4 5 6 7 8 9 10 
A · · · O O O · · · · 
B · · · · · · · · · · 
C · O · · · · · · · · 
D · O · · · · · · · · 
E · O · · · · · · · · 
F · · ·   · · · · · · 
G · · · · · · · · · · 
H · · · · · · · · · · 
I · · · · · · · · · · 
J · · · · · · · · · · 

Resultado: Agua!
Partida actualizada: anaTablero@656da253 vs pedroTablero@747e1189
Coordenadas: E4
  1 2 3 4 5 6 7 8 9 10 
A · · · O O O · · · · 
B · · · · · · · · · · 
C · O · · · · · · · · 
D · O · · · · · · · · 
E · O · · · · · · · · 
F · · ·   · · · · · · 
G · · · · · · · · · · 
H · · · · · · · · · · 
I · · · · · · · · · · 
J · · · · · · · · · · 

  1 2 3 4 5 6 7 8 9 10 
A · · · · · · · · · · 
B · · · · · · · · · · 
C · · · · · · · · · · 
D · · · X · · · · · · 
E · · · X · · · · · · 
F · · · O · · · · · · 
G · · · · · · · · · · 
H · O O O · · · · · · 
I · · · · · · · · · · 
J · · · · · · · · · · 

Resultado: Impacto!
Partida actualizada: anaTablero@249cc37a vs pedroTablero@405abda9
Coordenadas: G2
  1 2 3 4 5 6 7 8 9 10 
A · · · · · · · · · · 
B · · · · · · · · · · 
C · · · · · · · · · · 
D · · · X · · · · · · 
E · · · X · · · · · · 
F · · · O · · · · · · 
G · · · · · · · · · · 
H · O O O · · · · · · 
I · · · · · · · · · · 
J · · · · · · · · · · 

  1 2 3 4 5 6 7 8 9 10 
A · · · O O O · · · · 
B · · · · · · · · · · 
C · O · · · · · · · · 
D · O · · · · · · · · 
E · O · · · · · · · · 
F · · ·   · · · · · · 
G ·   · · · · · · · · 
H · · · · · · · · · · 
I · · · · · · · · · · 
J · · · · · · · · · · 

Resultado: Agua!
Partida actualizada: anaTablero@6ef7f3c vs pedroTablero@3011a868
Coordenadas: F4
  1 2 3 4 5 6 7 8 9 10 
A · · · O O O · · · · 
B · · · · · · · · · · 
C · O · · · · · · · · 
D · O · · · · · · · · 
E · O · · · · · · · · 
F · · ·   · · · · · · 
G ·   · · · · · · · · 
H · · · · · · · · · · 
I · · · · · · · · · · 
J · · · · · · · · · · 

  1 2 3 4 5 6 7 8 9 10 
A · · · · · · · · · · 
B · · · · · · · · · · 
C · · · · · · · · · · 
D · · · X · · · · · · 
E · · · X · · · · · · 
F · · · X · · · · · · 
G · · · · · · · · · · 
H · O O O · · · · · · 
I · · · · · · · · · · 
J · · · · · · · · · · 

Resultado: Impacto!
Partida actualizada: anaTablero@1ccef866 vs pedroTablero@69703cd3
Coordenadas: B2
  1 2 3 4 5 6 7 8 9 10 
A · · · · · · · · · · 
B · · · · · · · · · · 
C · · · · · · · · · · 
D · · · X · · · · · · 
E · · · X · · · · · · 
F · · · X · · · · · · 
G · · · · · · · · · · 
H · O O O · · · · · · 
I · · · · · · · · · · 
J · · · · · · · · · · 

  1 2 3 4 5 6 7 8 9 10 
A · · · O O O · · · · 
B ·   · · · · · · · · 
C · O · · · · · · · · 
D · O · · · · · · · · 
E · O · · · · · · · · 
F · · ·   · · · · · · 
G ·   · · · · · · · · 
H · · · · · · · · · · 
I · · · · · · · · · · 
J · · · · · · · · · · 

Resultado: Agua!
Partida actualizada: anaTablero@7b171c47 vs pedroTablero@25af3f2a
Coordenadas: H2
  1 2 3 4 5 6 7 8 9 10 
A · · · O O O · · · · 
B ·   · · · · · · · · 
C · O · · · · · · · · 
D · O · · · · · · · · 
E · O · · · · · · · · 
F · · ·   · · · · · · 
G ·   · · · · · · · · 
H · · · · · · · · · · 
I · · · · · · · · · · 
J · · · · · · · · · · 

  1 2 3 4 5 6 7 8 9 10 
A · · · · · · · · · · 
B · · · · · · · · · · 
C · · · · · · · · · · 
D · · · X · · · · · · 
E · · · X · · · · · · 
F · · · X · · · · · · 
G · · · · · · · · · · 
H · X O O · · · · · · 
I · · · · · · · · · · 
J · · · · · · · · · · 

Resultado: Impacto!
Partida actualizada: anaTablero@49773b4e vs pedroTablero@54531c3d
Coordenadas: A4
  1 2 3 4 5 6 7 8 9 10 
A · · · · · · · · · · 
B · · · · · · · · · · 
C · · · · · · · · · · 
D · · · X · · · · · · 
E · · · X · · · · · · 
F · · · X · · · · · · 
G · · · · · · · · · · 
H · X O O · · · · · · 
I · · · · · · · · · · 
J · · · · · · · · · · 

  1 2 3 4 5 6 7 8 9 10 
A · · · X O O · · · · 
B ·   · · · · · · · · 
C · O · · · · · · · · 
D · O · · · · · · · · 
E · O · · · · · · · · 
F · · ·   · · · · · · 
G ·   · · · · · · · · 
H · · · · · · · · · · 
I · · · · · · · · · · 
J · · · · · · · · · · 

Resultado: Impacto!
Partida actualizada: anaTablero@55d2094f vs pedroTablero@5e265cda
Coordenadas: H3
  1 2 3 4 5 6 7 8 9 10 
A · · · X O O · · · · 
B ·   · · · · · · · · 
C · O · · · · · · · · 
D · O · · · · · · · · 
E · O · · · · · · · · 
F · · ·   · · · · · · 
G ·   · · · · · · · · 
H · · · · · · · · · · 
I · · · · · · · · · · 
J · · · · · · · · · · 

  1 2 3 4 5 6 7 8 9 10 
A · · · · · · · · · · 
B · · · · · · · · · · 
C · · · · · · · · · · 
D · · · X · · · · · · 
E · · · X · · · · · · 
F · · · X · · · · · · 
G · · · · · · · · · · 
H · X X O · · · · · · 
I · · · · · · · · · · 
J · · · · · · · · · · 

Resultado: Impacto!
Partida actualizada: anaTablero@1bd82283 vs pedroTablero@951ee6c
Coordenadas: E8
  1 2 3 4 5 6 7 8 9 10 
A · · · · · · · · · · 
B · · · · · · · · · · 
C · · · · · · · · · · 
D · · · X · · · · · · 
E · · · X · · · · · · 
F · · · X · · · · · · 
G · · · · · · · · · · 
H · X X O · · · · · · 
I · · · · · · · · · · 
J · · · · · · · · · · 

  1 2 3 4 5 6 7 8 9 10 
A · · · X O O · · · · 
B ·   · · · · · · · · 
C · O · · · · · · · · 
D · O · · · · · · · · 
E · O · · · · ·   · · 
F · · ·   · · · · · · 
G ·   · · · · · · · · 
H · · · · · · · · · · 
I · · · · · · · · · · 
J · · · · · · · · · · 

Resultado: Agua!
Partida actualizada: anaTablero@6dca37e8 vs pedroTablero@1f5631c3
Coordenadas: H4
  1 2 3 4 5 6 7 8 9 10 
A · · · X O O · · · · 
B ·   · · · · · · · · 
C · O · · · · · · · · 
D · O · · · · · · · · 
E · O · · · · ·   · · 
F · · ·   · · · · · · 
G ·   · · · · · · · · 
H · · · · · · · · · · 
I · · · · · · · · · · 
J · · · · · · · · · · 

  1 2 3 4 5 6 7 8 9 10 
A · · · · · · · · · · 
B · · · · · · · · · · 
C · · · · · · · · · · 
D · · · X · · · · · · 
E · · · X · · · · · · 
F · · · X · · · · · · 
G · · · · · · · · · · 
H · X X X · · · · · · 
I · · · · · · · · · · 
J · · · · · · · · · · 

Resultado: Impacto!
Partida actualizada: anaTablero@13290433 vs pedroTablero@4bae2ee9
Coordenadas: F3
  1 2 3 4 5 6 7 8 9 10 
A · · · · · · · · · · 
B · · · · · · · · · · 
C · · · · · · · · · · 
D · · · X · · · · · · 
E · · · X · · · · · · 
F · · · X · · · · · · 
G · · · · · · · · · · 
H · X X X · · · · · · 
I · · · · · · · · · · 
J · · · · · · · · · · 

  1 2 3 4 5 6 7 8 9 10 
A · · · X O O · · · · 
B ·   · · · · · · · · 
C · O · · · · · · · · 
D · O · · · · · · · · 
E · O · · · · ·   · · 
F · ·     · · · · · · 
G ·   · · · · · · · · 
H · · · · · · · · · · 
I · · · · · · · · · · 
J · · · · · · · · · · 

Resultado: Agua!
Partida actualizada: anaTablero@19bf1981 vs pedroTablero@1fa4ce14
